<testsuite errors="0" failures="0" name="LibraryMainTest.returnNumber.LibraryMainTest" tests="1" time="0">
  <testcase name="returnNumber" time="0"/>
</testsuite>